<?xml version="1.0" encoding="UTF-8"?>
<!-- Generated by org.testng.reporters.JUnitReportReporter -->
<testsuite skipped="0" hostname="pv" name="LoginTest" tests="1" failures="0" timestamp="12 мар 2017 17:27:37 GMT" time="8.284" errors="0">
  <testcase name="testLogin" time="8.284" classname="LoginTest"/>
</testsuite> <!-- LoginTest -->
